make all --print-data-base --no-builtin-variables --no-builtin-rules --question
# GNU Make 3.81
# Copyright (C) 2006  Free Software Foundation, Inc.
# This is free software; see the source for copying conditions.
# There is NO warranty; not even for MERCHANTABILITY or FITNESS FOR A
# PARTICULAR PURPOSE.

# This program built for i386-apple-darwin11.3.0
 

# Make data base, printed on Mon Dec 13 07:57:13 2021

# Variables

# automatic
<D = $(patsubst %/,%,$(dir $<))
# automatic
?F = $(notdir $?)
# environment
VSCODE_LOG_NATIVE = false
# automatic
?D = $(patsubst %/,%,$(dir $?))
# environment
PLATFORMIO_IDE = 2.4.0
# automatic
@D = $(patsubst %/,%,$(dir $@))
# automatic
@F = $(notdir $@)
# makefile
CURDIR := /Users/Frityet/Documents/Web-Server
# makefile
SHELL = /bin/sh
# environment
VSCODE_NLS_CONFIG = {"locale":"en-us","availableLanguages":{},"_languagePackSupport":true}
# environment
_ = /usr/bin/make
# makefile (from `Makefile', line 1)
MAKEFILE_LIST :=  Makefile
# makefile (from `Makefile', line 14)
SOURCES := src/hdelibc.cpp  src/Networking/Servers/SimpleServer.cpp src/Networking/Servers/TestServer.cpp src/Networking/Servers/test.cpp           src/Networking/Sockets/BindingSocket.cpp src/Networking/Sockets/ConnectingSocket.cpp src/Networking/Sockets/ListeningSocket.cpp src/Networking/Sockets/SimpleSocket.cpp                        
# makefile (from `Makefile', line 7)
OBJ_DIR = $(BUILD_DIR)/obj
# environment
VSCODE_VERBOSE_LOGGING = true
# environment
P9K_SSH = 0
# environment
VSCODE_IPC_HOOK_EXTHOST = /var/folders/88/f07nnvk967s_pckv6tp26w9r0000gn/T/vscode-ipc-488d465f-5a86-4426-b19b-6cc53abb8179.sock
# environment
VSCODE_CWD = /
# environment
NO_PROXY = 127.0.0.1
# environment
LSCOLORS = Gxfxcxdxbxegedabagacad
# makefile (from `Makefile', line 6)
BIN_DIR = $(BUILD_DIR)/bin
# environment
VSCODE_LOG_STACK = false
# environment
ELECTRON_RUN_AS_NODE = 1
# default
.FEATURES := target-specific order-only second-expansion else-if archives jobserver check-symlink
# environment
SSH_AUTH_SOCK = /private/tmp/com.apple.launchd.FfUVmaK69w/Listeners
# automatic
%F = $(notdir $%)
# environment
VSCODE_PIPE_LOGGING = true
# environment
PWD = /Users/Frityet/Documents/Web-Server
# environment
PKG_CONFIG_PATH = /usr/local/opt/icu4c/lib/pkgconfig
# environment
ORIGINAL_XDG_CURRENT_DESKTOP = undefined
# environment
VSCODE_AMD_ENTRYPOINT = vs/workbench/services/extensions/node/extensionHostProcess
# environment
HOME = /Users/Frityet
# default
MAKEFILEPATH = $(shell /usr/bin/xcode-select -print-path 2>/dev/null || echo /Developer)/Makefiles
# environment
VSCODE_CODE_CACHE_PATH = /Users/Frityet/Library/Application Support/Code/CachedData/7db1a2b88f7557e0a43fec75b6ba7e50b3e9f77e
# environment
LOGNAME = amritbhogal
# environment
APPLICATION_INSIGHTS_NO_DIAGNOSTIC_CHANNEL = true
# makefile (from `Makefile', line 15)
HEADERS := src/hdelibc.hpp src/Networking/hdelibc-networking.hpp src/Networking/Servers/SimpleServer.hpp src/Networking/Servers/TestServer.hpp           src/Networking/Sockets/BindingSocket.hpp src/Networking/Sockets/ConnectingSocket.hpp src/Networking/Sockets/ListeningSocket.hpp src/Networking/Sockets/SimpleSocket.hpp src/Networking/Sockets/hdelibc-sockets.hpp                        
# environment
ZSH = /Users/Frityet/.oh-my-zsh
# environment
XMAKE_EXE = /Users/Frityet/.local/bin/xmake
# environment
VSCODE_HANDLES_UNCAUGHT_ERRORS = true
# automatic
^D = $(patsubst %/,%,$(dir $^))
# environment
PLATFORMIO_PATH = /Users/Frityet/.platformio/penv/bin:/Users/Frityet/.platformio/penv:/Users/Frityet/.platformio/python3/bin:/Users/Frityet/.yarn/bin:/Users/Frityet/.config/yarn/global/node_modules/.bin:/Users/Frityet/.local/bin:/Users/Frityet/Documents/Ndless/ndless-sdk/toolchain/install/bin:/Users/Frityet/Documents/Ndless/ndless-sdk/bin:/usr/local/bin:/usr/bin:/bin:/usr/sbin:/sbin:/usr/local/share/dotnet:~/.dotnet/tools:/Library/Frameworks/Mono.framework/Versions/Current/Commands:/Users/Frityet/.cargo/bin:/Users/Frityet/.new_local/bin:/Users/Frityet/.dotnet/tools
# default
MAKE = $(MAKE_COMMAND)
# default
MAKECMDGOALS := all
# environment
PATH = /Users/Frityet/.yarn/bin:/Users/Frityet/.config/yarn/global/node_modules/.bin:/Users/Frityet/.local/bin:/Users/Frityet/Documents/Ndless/ndless-sdk/toolchain/install/bin:/Users/Frityet/Documents/Ndless/ndless-sdk/bin:/usr/local/bin:/usr/bin:/bin:/usr/sbin:/sbin:/usr/local/share/dotnet:~/.dotnet/tools:/Library/Frameworks/Mono.framework/Versions/Current/Commands:/Users/Frityet/.cargo/bin:/Users/Frityet/.new_local/bin:/Users/Frityet/.dotnet/tools
# environment
SHLVL = 1
# environment
XPC_FLAGS = 0x0
# makefile (from `Makefile', line 2)
CXX_FLAGS = 
# makefile (from `Makefile', line 5)
BUILD_DIR = build
# makefile (from `Makefile', line 9)
EXEC = web_server.exe
# default
MAKE_VERSION := 3.81
# environment
USER = amritbhogal
# makefile
.DEFAULT_GOAL := clean
# environment
LESS = -R
# automatic
%D = $(patsubst %/,%,$(dir $%))
# makefile (from `Makefile', line 12)
rwildcard = $(wildcard $1$2) $(foreach d,$(wildcard $1*),$(call rwildcard,$d/,$2))
# default
MAKE_COMMAND := /Library/Developer/CommandLineTools/usr/bin/make
# default
.VARIABLES := 
# environment
TMPDIR = /var/folders/88/f07nnvk967s_pckv6tp26w9r0000gn/T/
# automatic
*F = $(notdir $*)
# environment
VSCODE_IPC_HOOK = /Users/Frityet/Library/Application Support/Code/1.63.0-main.sock
# makefile
MAKEFLAGS = Rrqp
# environment
MFLAGS = -Rrqp
# automatic
*D = $(patsubst %/,%,$(dir $*))
# environment
XPC_SERVICE_NAME = com.microsoft.VSCode.11668
# automatic
+D = $(patsubst %/,%,$(dir $+))
# automatic
+F = $(notdir $+)
# environment
XMAKE_ROOTDIR = /Users/Frityet/.local/bin
# environment
__CF_USER_TEXT_ENCODING = 0x1F5:0x0:0x52
# default
MAKEFILES := 
# automatic
<F = $(notdir $<)
# environment
PLATFORMIO_CALLER = vscode
# makefile (from `Makefile', line 1)
CXX = g++
# environment
PAGER = less
# environment
LC_ALL = C
# makefile (from `Makefile', line 3)
LIBRARIES = -lwsock32
# automatic
^F = $(notdir $^)
# default
SUFFIXES := 
# default
.INCLUDE_DIRS = /usr/local/include
# environment
MAKELEVEL := 0
# environment
LANG = C
# environment
VSCODE_PID = 98463
# variable set hash-table stats:
# Load=82/1024=8%, Rehash=0, Collisions=6/208=3%

# Pattern-specific Variable Values

# No pattern-specific variable values.

# Directories

# src/Networking/Servers/SimpleServer.cpp (device 16777224, inode 11910622): could not be opened.
# src/Networking/Sockets/ListeningSocket.hpp (device 16777224, inode 11910633): could not be opened.
# src/Networking/Sockets/ConnectingSocket.cpp (device 16777224, inode 11910630): could not be opened.
# src/Networking/Sockets/BindingSocket.cpp (device 16777224, inode 11910628): could not be opened.
# . (device 16777224, inode 11910411): 9 files, no impossibilities.
# src/Networking/Sockets (device 16777224, inode 11910627): 11 files, no impossibilities.
# src/hdelibc.hpp (device 16777224, inode 11910640): could not be opened.
# src/Networking/Sockets/ListeningSocket.cpp (device 16777224, inode 11910632): could not be opened.
# src/Networking/Sockets/SimpleSocket.hpp (device 16777224, inode 11910635): could not be opened.
# src/Networking/Servers (device 16777224, inode 11910621): 7 files, no impossibilities.
# src/Networking/Servers/TestServer.hpp (device 16777224, inode 11910625): could not be opened.
# src/Networking/Servers/test.cpp (device 16777224, inode 11910626): could not be opened.
# src/Networking (device 16777224, inode 11910620): 5 files, no impossibilities.
# src/Networking/Sockets/hdelibc-sockets.hpp (device 16777224, inode 11910636): could not be opened.
# src/Networking/Servers/SimpleServer.hpp (device 16777224, inode 11910623): could not be opened.
# src/Networking/Sockets/ConnectingSocket.hpp (device 16777224, inode 11910631): could not be opened.
# src/Networking/Sockets/BindingSocket.hpp (device 16777224, inode 11910629): could not be opened.
# src (device 16777224, inode 11912152): 5 files, no impossibilities.
# src/hdelibc.cpp (device 16777224, inode 11910639): could not be opened.
# src/Networking/Sockets/SimpleSocket.cpp (device 16777224, inode 11911588): could not be opened.
# src/Networking/Servers/TestServer.cpp (device 16777224, inode 11910624): could not be opened.
# src/Networking/hdelibc-networking.hpp (device 16777224, inode 11910637): could not be opened.

# 37 files, no impossibilities in 22 directories.

# Implicit Rules

# No implicit rules.

# Files

all: all_dirs
#  Command-line target.
#  Implicit rule search has not been done.
 
#  Implicit/static pattern stem: `'
#  File does not exist.
#  File has been updated.
#  Needs to be updated (-q is set).
# automatic
# @ := all
# automatic
# % := 
# automatic
# * := 
# automatic
# + := all_dirs
# automatic
# | := 
# automatic
# < := all_dirs
# automatic
# ^ := all_dirs
# automatic
# ? := all_dirs
# variable set hash-table stats:
# Load=8/32=25%, Rehash=0, Collisions=3/15=20%
#  commands to execute (from `Makefile', line 32):
	$(CXX) $(SOURCES) $(HEADERS) $(CXX_FLAGS) $(LIBRARIES)
	

# Not a target:
.SUFFIXES:
#  Implicit rule search has not been done.
#  Modification time never checked.
#  File has not been updated.

# Not a target:
Makefile:
#  Implicit rule search has been done.
#  Last modified 2021-12-13 07:56:51
#  File has been updated.
#  Successfully updated.
# variable set hash-table stats:
# Load=0/32=0%, Rehash=0, Collisions=0/0=0%

build:
#  Implicit rule search has not been done.
#  Last modified 2021-12-13 07:46:35
#  File has been updated.
#  Successfully updated.
#  commands to execute (from `Makefile', line 23):
	mkdir $@
	

build/bin: build
#  Implicit rule search has not been done.
#  Last modified 2021-12-13 07:46:35
#  File has been updated.
#  Successfully updated.
#  commands to execute (from `Makefile', line 26):
	mkdir $@
	

# Not a target:
.DEFAULT:
#  Implicit rule search has not been done.
#  Modification time never checked.
#  File has not been updated.

clean:
#  Implicit rule search has not been done.
#  Modification time never checked.
#  File has not been updated.
#  commands to execute (from `Makefile', line 18):
	rm -rf $(BUILD_DIR)
	

build/obj: build
#  Implicit rule search has not been done.
#  Last modified 2021-12-13 07:46:35
#  File has been updated.
#  Successfully updated.
#  commands to execute (from `Makefile', line 29):
	mkdir $@
	

all_dirs: build/bin build/obj
#  Implicit rule search has been done.
#  File does not exist.
#  File has been updated.
#  Successfully updated.
# variable set hash-table stats:
# Load=0/32=0%, Rehash=0, Collisions=0/0=0%

# files hash-table stats:
# Load=9/1024=1%, Rehash=0, Collisions=0/28=0%
# VPATH Search Paths

# No `vpath' search paths.

# No general (`VPATH' variable) search path.

# # of strings in strcache: 1
# # of strcache buffers: 1
# strcache size: total = 4096 / max = 4096 / min = 4096 / avg = 4096
# strcache free: total = 4087 / max = 4087 / min = 4087 / avg = 4087

# Finished Make data base on Mon Dec 13 07:57:13 2021

 
